<?xml version="1.0" encoding="UTF-8"?>
<!-- Generated by org.testng.reporters.JUnitXMLReporter -->
<testsuite ignored="0" hostname="LAPTOP-CNO9CB27" failures="1" tests="12" name="Default test" time="32.702" errors="0" timestamp="2026-01-09T11:55:17 EST">
  <testcase classname="herokuapptest.mainpage" name="verifyABTestingPage" time="2.187">
    <failure type="java.lang.AssertionError" message="A/B Testing page content does not match! expected [aaAlso known as split testing. This is a way in which businesses are able to simultaneously test and learn different versions of a page to see which text and/or functionality works best towards a desired outcome (e.g. a user action such as a click-through).] but found [Also known as split testing. This is a way in which businesses are able to simultaneously test and learn different versions of a page to see which text and/or functionality works best towards a desired outcome (e.g. a user action such as a click-through).]">
      <![CDATA[java.lang.AssertionError: A/B Testing page content does not match! expected [aaAlso known as split testing. This is a way in which businesses are able to simultaneously test and learn different versions of a page to see which text and/or functionality works best towards a desired outcome (e.g. a user action such as a click-through).] but found [Also known as split testing. This is a way in which businesses are able to simultaneously test and learn different versions of a page to see which text and/or functionality works best towards a desired outcome (e.g. a user action such as a click-through).]
at org.testng.Assert.fail(Assert.java:111)
at org.testng.Assert.failNotEquals(Assert.java:1590)
at org.testng.Assert.assertEqualsImpl(Assert.java:150)
at org.testng.Assert.assertEquals(Assert.java:132)
at org.testng.Assert.assertEquals(Assert.java:656)
at herokuapptest.ABTesting.verifyContent(ABTesting.java:43)
at herokuapptest.mainpage.verifyABTestingPage(mainpage.java:47)
at java.base/jdk.internal.reflect.DirectMethodHandleAccessor.invoke(DirectMethodHandleAccessor.java:103)
at java.base/java.lang.reflect.Method.invoke(Method.java:580)
at org.testng.internal.invokers.MethodInvocationHelper.invokeMethod(MethodInvocationHelper.java:141)
at org.testng.internal.invokers.TestInvoker.invokeMethod(TestInvoker.java:687)
at org.testng.internal.invokers.TestInvoker.invokeTestMethod(TestInvoker.java:230)
at org.testng.internal.invokers.MethodRunner.runInSequence(MethodRunner.java:63)
at org.testng.internal.invokers.TestInvoker$MethodInvocationAgent.invoke(TestInvoker.java:995)
at org.testng.internal.invokers.TestInvoker.invokeTestMethods(TestInvoker.java:203)
at org.testng.internal.invokers.TestMethodWorker.invokeTestMethods(TestMethodWorker.java:154)
at org.testng.internal.invokers.TestMethodWorker.run(TestMethodWorker.java:134)
at java.base/java.util.ArrayList.forEach(ArrayList.java:1596)
at org.testng.TestRunner.privateRun(TestRunner.java:741)
at org.testng.TestRunner.run(TestRunner.java:616)
at org.testng.SuiteRunner.runTest(SuiteRunner.java:421)
at org.testng.SuiteRunner.runSequentially(SuiteRunner.java:413)
at org.testng.SuiteRunner.privateRun(SuiteRunner.java:373)
at org.testng.SuiteRunner.run(SuiteRunner.java:312)
at org.testng.SuiteRunnerWorker.runSuite(SuiteRunnerWorker.java:52)
at org.testng.SuiteRunnerWorker.run(SuiteRunnerWorker.java:95)
at org.testng.TestNG.runSuitesSequentially(TestNG.java:1274)
at org.testng.TestNG.runSuitesLocally(TestNG.java:1208)
at org.testng.TestNG.runSuites(TestNG.java:1112)
at org.testng.TestNG.run(TestNG.java:1079)
at org.testng.remote.AbstractRemoteTestNG.run(AbstractRemoteTestNG.java:115)
at org.testng.remote.RemoteTestNG.initAndRun(RemoteTestNG.java:293)
at org.testng.remote.RemoteTestNG.main(RemoteTestNG.java:91)
]]>
    </failure>
  </testcase> <!-- verifyABTestingPage -->
  <testcase classname="herokuapptest.mainpage" name="verifyAddRemoveElementsPage" time="7.401"/>
  <testcase classname="herokuapptest.mainpage" name="verifyBasicAuthPage" time="1.609"/>
  <testcase classname="herokuapptest.mainpage" name="verifyBrokenImagesPage" time="1.778"/>
  <testcase classname="herokuapptest.mainpage" name="verifyChallengingDOMPage" time="2.378"/>
  <testcase classname="herokuapptest.mainpage" name="verifyCheckboxesPage" time="1.438"/>
  <testcase classname="herokuapptest.mainpage" name="verifyDragAndDropPage" time="2.504"/>
  <testcase classname="herokuapptest.mainpage" name="verifyDropdownPage" time="1.865"/>
  <testcase classname="herokuapptest.mainpage" name="verifyDynamicContentPage" time="1.687"/>
  <testcase classname="herokuapptest.mainpage" name="verifyFileDownloadPage" time="1.5"/>
  <testcase classname="herokuapptest.mainpage" name="verifyFileUploadPage" time="1.708"/>
  <testcase classname="herokuapptest.mainpage" name="verifyHomePageTitle" time="2.036"/>
</testsuite> <!-- Default test -->
