<?xml version="1.0" encoding="UTF-8"?>
<testng-results ignored="0" total="12" passed="11" failed="1" skipped="0">
  <reporter-output>
  </reporter-output>
  <suite started-at="2026-01-09T11:54:44 EST" name="Default suite" finished-at="2026-01-09T11:55:17 EST" duration-ms="32702">
    <groups>
    </groups>
    <test started-at="2026-01-09T11:54:44 EST" name="Default test" finished-at="2026-01-09T11:55:17 EST" duration-ms="32702">
      <class name="herokuapptest.mainpage">
        <test-method is-config="true" signature="openBrowser()[pri:0, instance:herokuapptest.mainpage@2cd76f31]" started-at="2026-01-09T11:54:44 EST" name="openBrowser" finished-at="2026-01-09T11:54:48 EST" duration-ms="3713" status="PASS">
          <reporter-output>
          </reporter-output>
        </test-method> <!-- openBrowser -->
        <test-method signature="verifyABTestingPage()[pri:0, instance:herokuapptest.mainpage@2cd76f31]" started-at="2026-01-09T11:54:48 EST" name="verifyABTestingPage" finished-at="2026-01-09T11:54:50 EST" duration-ms="2187" status="FAIL">
          <exception class="java.lang.AssertionError">
            <message>
              <![CDATA[A/B Testing page content does not match! expected [aaAlso known as split testing. This is a way in which businesses are able to simultaneously test and learn different versions of a page to see which text and/or functionality works best towards a desired outcome (e.g. a user action such as a click-through).] but found [Also known as split testing. This is a way in which businesses are able to simultaneously test and learn different versions of a page to see which text and/or functionality works best towards a desired outcome (e.g. a user action such as a click-through).]]]>
            </message>
            <full-stacktrace>
              <![CDATA[java.lang.AssertionError: A/B Testing page content does not match! expected [aaAlso known as split testing. This is a way in which businesses are able to simultaneously test and learn different versions of a page to see which text and/or functionality works best towards a desired outcome (e.g. a user action such as a click-through).] but found [Also known as split testing. This is a way in which businesses are able to simultaneously test and learn different versions of a page to see which text and/or functionality works best towards a desired outcome (e.g. a user action such as a click-through).]
at org.testng.Assert.fail(Assert.java:111)
at org.testng.Assert.failNotEquals(Assert.java:1590)
at org.testng.Assert.assertEqualsImpl(Assert.java:150)
at org.testng.Assert.assertEquals(Assert.java:132)
at org.testng.Assert.assertEquals(Assert.java:656)
at herokuapptest.ABTesting.verifyContent(ABTesting.java:43)
at herokuapptest.mainpage.verifyABTestingPage(mainpage.java:47)
at java.base/jdk.internal.reflect.DirectMethodHandleAccessor.invoke(DirectMethodHandleAccessor.java:103)
at java.base/java.lang.reflect.Method.invoke(Method.java:580)
at org.testng.internal.invokers.MethodInvocationHelper.invokeMethod(MethodInvocationHelper.java:141)
at org.testng.internal.invokers.TestInvoker.invokeMethod(TestInvoker.java:687)
at org.testng.internal.invokers.TestInvoker.invokeTestMethod(TestInvoker.java:230)
at org.testng.internal.invokers.MethodRunner.runInSequence(MethodRunner.java:63)
at org.testng.internal.invokers.TestInvoker$MethodInvocationAgent.invoke(TestInvoker.java:995)
at org.testng.internal.invokers.TestInvoker.invokeTestMethods(TestInvoker.java:203)
at org.testng.internal.invokers.TestMethodWorker.invokeTestMethods(TestMethodWorker.java:154)
at org.testng.internal.invokers.TestMethodWorker.run(TestMethodWorker.java:134)
at java.base/java.util.ArrayList.forEach(ArrayList.java:1596)
at org.testng.TestRunner.privateRun(TestRunner.java:741)
at org.testng.TestRunner.run(TestRunner.java:616)
at org.testng.SuiteRunner.runTest(SuiteRunner.java:421)
at org.testng.SuiteRunner.runSequentially(SuiteRunner.java:413)
at org.testng.SuiteRunner.privateRun(SuiteRunner.java:373)
at org.testng.SuiteRunner.run(SuiteRunner.java:312)
at org.testng.SuiteRunnerWorker.runSuite(SuiteRunnerWorker.java:52)
at org.testng.SuiteRunnerWorker.run(SuiteRunnerWorker.java:95)
at org.testng.TestNG.runSuitesSequentially(TestNG.java:1274)
at org.testng.TestNG.runSuitesLocally(TestNG.java:1208)
at org.testng.TestNG.runSuites(TestNG.java:1112)
at org.testng.TestNG.run(TestNG.java:1079)
at org.testng.remote.AbstractRemoteTestNG.run(AbstractRemoteTestNG.java:115)
at org.testng.remote.RemoteTestNG.initAndRun(RemoteTestNG.java:293)
at org.testng.remote.RemoteTestNG.main(RemoteTestNG.java:91)
]]>
            </full-stacktrace>
          </exception> <!-- java.lang.AssertionError -->
          <reporter-output>
          </reporter-output>
        </test-method> <!-- verifyABTestingPage -->
        <test-method signature="verifyAddRemoveElementsPage()[pri:0, instance:herokuapptest.mainpage@2cd76f31]" started-at="2026-01-09T11:54:51 EST" name="verifyAddRemoveElementsPage" finished-at="2026-01-09T11:54:58 EST" duration-ms="7401" status="PASS">
          <reporter-output>
          </reporter-output>
        </test-method> <!-- verifyAddRemoveElementsPage -->
        <test-method signature="verifyBasicAuthPage()[pri:0, instance:herokuapptest.mainpage@2cd76f31]" started-at="2026-01-09T11:54:58 EST" name="verifyBasicAuthPage" finished-at="2026-01-09T11:55:00 EST" duration-ms="1609" status="PASS">
          <reporter-output>
          </reporter-output>
        </test-method> <!-- verifyBasicAuthPage -->
        <test-method signature="verifyBrokenImagesPage()[pri:0, instance:herokuapptest.mainpage@2cd76f31]" started-at="2026-01-09T11:55:00 EST" name="verifyBrokenImagesPage" finished-at="2026-01-09T11:55:02 EST" duration-ms="1778" status="PASS">
          <reporter-output>
          </reporter-output>
        </test-method> <!-- verifyBrokenImagesPage -->
        <test-method signature="verifyChallengingDOMPage()[pri:0, instance:herokuapptest.mainpage@2cd76f31]" started-at="2026-01-09T11:55:02 EST" name="verifyChallengingDOMPage" finished-at="2026-01-09T11:55:04 EST" duration-ms="2378" status="PASS">
          <reporter-output>
          </reporter-output>
        </test-method> <!-- verifyChallengingDOMPage -->
        <test-method signature="verifyCheckboxesPage()[pri:0, instance:herokuapptest.mainpage@2cd76f31]" started-at="2026-01-09T11:55:04 EST" name="verifyCheckboxesPage" finished-at="2026-01-09T11:55:05 EST" duration-ms="1438" status="PASS">
          <reporter-output>
          </reporter-output>
        </test-method> <!-- verifyCheckboxesPage -->
        <test-method signature="verifyDragAndDropPage()[pri:0, instance:herokuapptest.mainpage@2cd76f31]" started-at="2026-01-09T11:55:05 EST" name="verifyDragAndDropPage" finished-at="2026-01-09T11:55:08 EST" duration-ms="2504" status="PASS">
          <reporter-output>
          </reporter-output>
        </test-method> <!-- verifyDragAndDropPage -->
        <test-method signature="verifyDropdownPage()[pri:0, instance:herokuapptest.mainpage@2cd76f31]" started-at="2026-01-09T11:55:08 EST" name="verifyDropdownPage" finished-at="2026-01-09T11:55:10 EST" duration-ms="1865" status="PASS">
          <reporter-output>
          </reporter-output>
        </test-method> <!-- verifyDropdownPage -->
        <test-method signature="verifyDynamicContentPage()[pri:0, instance:herokuapptest.mainpage@2cd76f31]" started-at="2026-01-09T11:55:10 EST" name="verifyDynamicContentPage" finished-at="2026-01-09T11:55:11 EST" duration-ms="1687" status="PASS">
          <reporter-output>
          </reporter-output>
        </test-method> <!-- verifyDynamicContentPage -->
        <test-method signature="verifyFileDownloadPage()[pri:0, instance:herokuapptest.mainpage@2cd76f31]" started-at="2026-01-09T11:55:11 EST" name="verifyFileDownloadPage" finished-at="2026-01-09T11:55:13 EST" duration-ms="1500" status="PASS">
          <reporter-output>
          </reporter-output>
        </test-method> <!-- verifyFileDownloadPage -->
        <test-method signature="verifyFileUploadPage()[pri:0, instance:herokuapptest.mainpage@2cd76f31]" started-at="2026-01-09T11:55:13 EST" name="verifyFileUploadPage" finished-at="2026-01-09T11:55:15 EST" duration-ms="1708" status="PASS">
          <reporter-output>
          </reporter-output>
        </test-method> <!-- verifyFileUploadPage -->
        <test-method signature="verifyHomePageTitle()[pri:0, instance:herokuapptest.mainpage@2cd76f31]" started-at="2026-01-09T11:55:15 EST" name="verifyHomePageTitle" finished-at="2026-01-09T11:55:17 EST" duration-ms="2036" status="PASS">
          <reporter-output>
          </reporter-output>
        </test-method> <!-- verifyHomePageTitle -->
        <test-method is-config="true" signature="tearDown()[pri:0, instance:herokuapptest.mainpage@2cd76f31]" started-at="2026-01-09T11:55:17 EST" name="tearDown" finished-at="2026-01-09T11:55:17 EST" duration-ms="447" status="PASS">
          <reporter-output>
          </reporter-output>
        </test-method> <!-- tearDown -->
      </class> <!-- herokuapptest.mainpage -->
    </test> <!-- Default test -->
  </suite> <!-- Default suite -->
</testng-results>
